<?xml version="1.0" encoding="UTF-8"?>
<!-- Generated by org.testng.reporters.JUnitReportReporter -->
<testsuite hostname="L-356035546" failures="0" tests="1" name="com.MavenTest.AlertsTest" time="25.773" errors="0" timestamp="2023-05-23T16:21:30 IST" skipped="0">
  <testcase classname="com.MavenTest.AlertsTest" name="Popup" time="25.773"/>
  <system-out/>
</testsuite> <!-- com.MavenTest.AlertsTest -->
