<?xml version="1.0" encoding="UTF-8"?>
<!-- Generated by org.testng.reporters.JUnitReportReporter -->
<testsuite hostname="L-356035546" failures="0" tests="1" name="demoproject.demoproject.launch" time="37.914" errors="0" timestamp="2023-04-26T10:50:30 IST" skipped="0">
  <testcase classname="demoproject.demoproject.launch" name="gmaillaunch" time="37.914"/>
  <system-out/>
</testsuite> <!-- demoproject.demoproject.launch -->
