<?xml version="1.0" encoding="UTF-8"?>
<!-- Generated by org.testng.reporters.JUnitReportReporter -->
<testsuite hostname="L-356035546" failures="0" tests="1" name="com.MavenTest.AlertEdge" time="25.392" errors="0" timestamp="2023-05-23T20:01:38 IST" skipped="0">
  <testcase classname="com.MavenTest.AlertEdge" name="Popup" time="25.392"/>
  <system-out/>
</testsuite> <!-- com.MavenTest.AlertEdge -->
