<?xml version="1.0" encoding="UTF-8"?>
<!-- Generated by org.testng.reporters.JUnitReportReporter -->
<testsuite hostname="L-356035546" failures="0" tests="1" name="com.MavenTest.AlertsChromeTest" time="20.757" errors="0" timestamp="2023-05-26T17:32:01 IST" skipped="0">
  <testcase classname="com.MavenTest.AlertsChromeTest" name="Popup" time="20.757"/>
  <system-out/>
</testsuite> <!-- com.MavenTest.AlertsChromeTest -->
